
> talk2scale@1.0.0 import-usda
> tsx src/scripts/importUsda.ts

◇ injected env (0) from .env // tip: ⌘ custom filepath { path: '/custom/path/.env' }
◇ injected env (7) from ../.env // tip: ⌘ override existing { override: true }
[2026-04-22 17:57:07.481 -0400] INFO (60359): Starting USDA import
    datasetDir: "/Users/roman.ovechkin/ws/talk2scale/db/raw_usda_datasets/FoodData_Central_foundation_food_csv_2025-12-18"
    foodType: "whole_food"
[2026-04-22 17:57:07.481 -0400] INFO (60359): Phase 1: importing nutrients
    nutrientFilePath: "/Users/roman.ovechkin/ws/talk2scale/db/raw_usda_datasets/FoodData_Central_foundation_food_csv_2025-12-18/nutrient.csv"
[2026-04-22 17:57:07.488 -0400] WARN (60359): Skipped row
    file: "nutrient.csv"
    row: 2
    reason: "unsupported unit (not mass): KCAL"
    csvLine: {
      "id": "2047",
      "name": "Energy (Atwater General Factors)",
      "unit_name": "KCAL",
      "nutrient_nbr": "957",
      "rank": "280.0"
    }
[2026-04-22 17:57:07.488 -0400] WARN (60359): Skipped row
    file: "nutrient.csv"
    row: 3
    reason: "unsupported unit (not mass): KCAL"
    csvLine: {
      "id": "2048",
      "name": "Energy (Atwater Specific Factors)",
      "unit_name": "KCAL",
      "nutrient_nbr": "958",
      "rank": "290.0"
    }
[2026-04-22 17:57:07.488 -0400] WARN (60359): Skipped row
    file: "nutrient.csv"
    row: 11
    reason: "unsupported unit (not mass): KCAL"
    csvLine: {
      "id": "1008",
      "name": "Energy",
      "unit_name": "KCAL",
      "nutrient_nbr": "208",
      "rank": "300.0"
    }
[2026-04-22 17:57:07.488 -0400] WARN (60359): Skipped row
    file: "nutrient.csv"
    row: 26
    reason: "unsupported unit (not mass): PH"
    csvLine: {
      "id": "1023",
      "name": "pH",
      "unit_name": "PH",
      "nutrient_nbr": "226",
      "rank": "999999.0"
    }
[2026-04-22 17:57:07.488 -0400] WARN (60359): Skipped row
    file: "nutrient.csv"
    row: 27
    reason: "unsupported unit (not mass): SP_GR"
    csvLine: {
      "id": "1024",
      "name": "Specific Gravity",
      "unit_name": "SP_GR",
      "nutrient_nbr": "227",
      "rank": "8955"
    }
[2026-04-22 17:57:07.488 -0400] WARN (60359): Skipped row
    file: "nutrient.csv"
    row: 65
    reason: "unsupported unit (not mass): kJ"
    csvLine: {
      "id": "1062",
      "name": "Energy",
      "unit_name": "kJ",
      "nutrient_nbr": "268",
      "rank": "400.0"
    }
[2026-04-22 17:57:07.488 -0400] WARN (60359): Skipped row
    file: "nutrient.csv"
    row: 107
    reason: "unsupported unit (not mass): IU"
    csvLine: {
      "id": "1104",
      "name": "Vitamin A, IU",
      "unit_name": "IU",
      "nutrient_nbr": "318",
      "rank": "7500.0"
    }
[2026-04-22 17:57:07.488 -0400] WARN (60359): Skipped row
    file: "nutrient.csv"
    row: 113
    reason: "unsupported unit (not mass): IU"
    csvLine: {
      "id": "1110",
      "name": "Vitamin D (D2 + D3), International Units",
      "unit_name": "IU",
      "nutrient_nbr": "324",
      "rank": "8650.0"
    }
[2026-04-22 17:57:07.488 -0400] WARN (60359): Skipped row
    file: "nutrient.csv"
    row: 127
    reason: "unsupported unit (not mass): IU"
    csvLine: {
      "id": "1124",
      "name": "Vitamin E (label entry primarily)",
      "unit_name": "IU",
      "nutrient_nbr": "340",
      "rank": "999999.0"
    }
[2026-04-22 17:57:07.488 -0400] WARN (60359): Skipped row
    file: "nutrient.csv"
    row: 159
    reason: "unsupported unit (not mass): MCG_RE"
    csvLine: {
      "id": "1156",
      "name": "Vitamin A, RE",
      "unit_name": "MCG_RE",
      "nutrient_nbr": "392",
      "rank": "7500.0"
    }
[2026-04-22 17:57:07.488 -0400] WARN (60359): Skipped row
    file: "nutrient.csv"
    row: 160
    reason: "unsupported unit (not mass): MCG_RE"
    csvLine: {
      "id": "1157",
      "name": "Carotene",
      "unit_name": "MCG_RE",
      "nutrient_nbr": "393",
      "rank": "7600.0"
    }
[2026-04-22 17:57:07.488 -0400] WARN (60359): Skipped row
    file: "nutrient.csv"
    row: 161
    reason: "unsupported unit (not mass): MG_ATE"
    csvLine: {
      "id": "1158",
      "name": "Vitamin E",
      "unit_name": "MG_ATE",
      "nutrient_nbr": "394",
      "rank": "7800.0"
    }
[2026-04-22 17:57:07.488 -0400] WARN (60359): Skipped row
    file: "nutrient.csv"
    row: 338
    reason: "unsupported unit (not mass): UMOL_TE"
    csvLine: {
      "id": "1336",
      "name": "ORAC, Hydrophyllic",
      "unit_name": "UMOL_TE",
      "nutrient_nbr": "706",
      "rank": ""
    }
[2026-04-22 17:57:07.488 -0400] WARN (60359): Skipped row
    file: "nutrient.csv"
    row: 339
    reason: "unsupported unit (not mass): UMOL_TE"
    csvLine: {
      "id": "1337",
      "name": "ORAC, Lipophillic",
      "unit_name": "UMOL_TE",
      "nutrient_nbr": "707",
      "rank": ""
    }
[2026-04-22 17:57:07.488 -0400] WARN (60359): Skipped row
    file: "nutrient.csv"
    row: 340
    reason: "unsupported unit (not mass): UMOL_TE"
    csvLine: {
      "id": "1338",
      "name": "ORAC, Total",
      "unit_name": "UMOL_TE",
      "nutrient_nbr": "708",
      "rank": ""
    }
[2026-04-22 17:57:07.488 -0400] WARN (60359): Skipped row
    file: "nutrient.csv"
    row: 341
    reason: "unsupported unit (not mass): MG_GAE"
    csvLine: {
      "id": "1339",
      "name": "Total Phenolics",
      "unit_name": "MG_GAE",
      "nutrient_nbr": "709",
      "rank": ""
    }
[2026-04-22 17:57:07.519 -0400] INFO (60359): Phase 1 complete
    totalRows: 477
    importedOrExisting: 461
    skipped: {
      "unsupported unit (not mass): KCAL": 3,
      "unsupported unit (not mass): PH": 1,
      "unsupported unit (not mass): SP_GR": 1,
      "unsupported unit (not mass): kJ": 1,
      "unsupported unit (not mass): IU": 3,
      "unsupported unit (not mass): MCG_RE": 2,
      "unsupported unit (not mass): MG_ATE": 1,
      "unsupported unit (not mass): UMOL_TE": 3,
      "unsupported unit (not mass): MG_GAE": 1
    }
[2026-04-22 17:57:07.519 -0400] INFO (60359): Phase 2: importing foods
    foodFilePath: "/Users/roman.ovechkin/ws/talk2scale/db/raw_usda_datasets/FoodData_Central_foundation_food_csv_2025-12-18/food.csv"
    expectedDataType: "foundation_food"
[2026-04-22 17:57:07.718 -0400] INFO (60359): Phase 2 complete
    totalRows: 78026
    matchedRows: 436
    insertedRows: 436
    mappedFoodRows: 436
    skipped: {
      "non-foundation data_type: sample_food": 3890,
      "non-foundation data_type: market_acquisition": 7388,
      "non-foundation data_type: sub_sample_food": 65502,
      "non-foundation data_type: agricultural_acquisition": 810
    }
[2026-04-22 17:57:07.718 -0400] INFO (60359): Phase 3: importing links
    foodNutrientFilePath: "/Users/roman.ovechkin/ws/talk2scale/db/raw_usda_datasets/FoodData_Central_foundation_food_csv_2025-12-18/food_nutrient.csv"
[2026-04-22 17:57:07.722 -0400] WARN (60359): Skipped row
    file: "food_nutrient.csv"
    row: 2
    reason: "unknown food fdc_id"
    csvLine: {
      "id": "2201847",
      "fdc_id": "319877",
      "nutrient_id": "1051",
      "amount": "56.3",
      "data_points": "1",
      "derivation_id": "1",
      "min": "",
      "max": "",
      "median": "",
      "footnote": "",
      "min_year_acquired": ""
    }
[2026-04-22 17:57:07.722 -0400] WARN (60359): Skipped row
    file: "food_nutrient.csv"
    row: 3
    reason: "unknown food fdc_id"
    csvLine: {
      "id": "2201845",
      "fdc_id": "319877",
      "nutrient_id": "1002",
      "amount": "1.28",
      "data_points": "1",
      "derivation_id": "1",
      "min": "",
      "max": "",
      "median": "",
      "footnote": "",
      "min_year_acquired": ""
    }
[2026-04-22 17:57:07.722 -0400] WARN (60359): Skipped row
    file: "food_nutrient.csv"
    row: 4
    reason: "unknown food fdc_id"
    csvLine: {
      "id": "2201846",
      "fdc_id": "319877",
      "nutrient_id": "1004",
      "amount": "19.0",
      "data_points": "1",
      "derivation_id": "1",
      "min": "",
      "max": "",
      "median": "",
      "footnote": "",
      "min_year_acquired": ""
    }
[2026-04-22 17:57:07.722 -0400] WARN (60359): Skipped row
    file: "food_nutrient.csv"
    row: 5
    reason: "unknown food fdc_id"
    csvLine: {
      "id": "2201844",
      "fdc_id": "319877",
      "nutrient_id": "1007",
      "amount": "1.98",
      "data_points": "1",
      "derivation_id": "1",
      "min": "",
      "max": "",
      "median": "",
      "footnote": "",
      "min_year_acquired": ""
    }
[2026-04-22 17:57:07.722 -0400] WARN (60359): Skipped row
    file: "food_nutrient.csv"
    row: 6
    reason: "unknown food fdc_id"
    csvLine: {
      "id": "2201852",
      "fdc_id": "319878",
      "nutrient_id": "1091",
      "amount": "188.0",
      "data_points": "1",
      "derivation_id": "1",
      "min": "",
      "max": "",
      "median": "",
      "footnote": "",
      "min_year_acquired": ""
    }
[2026-04-22 17:57:07.722 -0400] WARN (60359): Skipped row
    file: "food_nutrient.csv"
    row: 7
    reason: "unknown food fdc_id"
    csvLine: {
      "id": "2201851",
      "fdc_id": "319878",
      "nutrient_id": "1101",
      "amount": "1.21",
      "data_points": "1",
      "derivation_id": "1",
      "min": "",
      "max": "",
      "median": "",
      "footnote": "",
      "min_year_acquired": ""
    }
[2026-04-22 17:57:07.722 -0400] WARN (60359): Skipped row
    file: "food_nutrient.csv"
    row: 8
    reason: "unknown food fdc_id"
    csvLine: {
      "id": "2201853",
      "fdc_id": "319878",
      "nutrient_id": "1092",
      "amount": "326.0",
      "data_points": "1",
      "derivation_id": "1",
      "min": "",
      "max": "",
      "median": "",
      "footnote": "",
      "min_year_acquired": ""
    }
[2026-04-22 17:57:07.722 -0400] WARN (60359): Skipped row
    file: "food_nutrient.csv"
    row: 9
    reason: "unknown food fdc_id"
    csvLine: {
      "id": "2201848",
      "fdc_id": "319878",
      "nutrient_id": "1087",
      "amount": "46.0",
      "data_points": "1",
      "derivation_id": "1",
      "min": "",
      "max": "",
      "median": "",
      "footnote": "",
      "min_year_acquired": ""
    }
[2026-04-22 17:57:07.722 -0400] WARN (60359): Skipped row
    file: "food_nutrient.csv"
    row: 10
    reason: "unknown food fdc_id"
    csvLine: {
      "id": "2201854",
      "fdc_id": "319878",
      "nutrient_id": "1093",
      "amount": "446.0",
      "data_points": "1",
      "derivation_id": "1",
      "min": "",
      "max": "",
      "median": "",
      "footnote": "",
      "min_year_acquired": ""
    }
[2026-04-22 17:57:07.722 -0400] WARN (60359): Skipped row
    file: "food_nutrient.csv"
    row: 11
    reason: "unknown food fdc_id"
    csvLine: {
      "id": "2201850",
      "fdc_id": "319878",
      "nutrient_id": "1090",
      "amount": "75.9",
      "data_points": "1",
      "derivation_id": "1",
      "min": "",
      "max": "",
      "median": "",
      "footnote": "",
      "min_year_acquired": ""
    }
[2026-04-22 17:57:07.722 -0400] WARN (60359): Skipped row
    file: "food_nutrient.csv"
    row: 57
    reason: "missing fdc_id/nutrient_id/amount"
    csvLine: {
      "id": "2201928",
      "fdc_id": "319906",
      "nutrient_id": "1335",
      "amount": "0.0",
      "data_points": "1",
      "derivation_id": "1",
      "min": "",
      "max": "",
      "median": "",
      "footnote": "",
      "min_year_acquired": ""
    }
[2026-04-22 17:57:07.722 -0400] WARN (60359): Skipped row
    file: "food_nutrient.csv"
    row: 59
    reason: "missing fdc_id/nutrient_id/amount"
    csvLine: {
      "id": "2201907",
      "fdc_id": "319906",
      "nutrient_id": "1272",
      "amount": "0.0",
      "data_points": "1",
      "derivation_id": "1",
      "min": "",
      "max": "",
      "median": "",
      "footnote": "",
      "min_year_acquired": ""
    }
[2026-04-22 17:57:07.722 -0400] WARN (60359): Skipped row
    file: "food_nutrient.csv"
    row: 60
    reason: "missing fdc_id/nutrient_id/amount"
    csvLine: {
      "id": "2201925",
      "fdc_id": "319906",
      "nutrient_id": "1260",
      "amount": "0.0",
      "data_points": "1",
      "derivation_id": "1",
      "min": "",
      "max": "",
      "median": "",
      "footnote": "",
      "min_year_acquired": ""
    }
[2026-04-22 17:57:07.722 -0400] WARN (60359): Skipped row
    file: "food_nutrient.csv"
    row: 61
    reason: "missing fdc_id/nutrient_id/amount"
    csvLine: {
      "id": "2201905",
      "fdc_id": "319906",
      "nutrient_id": "1411",
      "amount": "0.0",
      "data_points": "1",
      "derivation_id": "1",
      "min": "",
      "max": "",
      "median": "",
      "footnote": "",
      "min_year_acquired": ""
    }
[2026-04-22 17:57:07.722 -0400] WARN (60359): Skipped row
    file: "food_nutrient.csv"
    row: 63
    reason: "missing fdc_id/nutrient_id/amount"
    csvLine: {
      "id": "2201908",
      "fdc_id": "319906",
      "nutrient_id": "1278",
      "amount": "0.0",
      "data_points": "1",
      "derivation_id": "1",
      "min": "",
      "max": "",
      "median": "",
      "footnote": "",
      "min_year_acquired": ""
    }
[2026-04-22 17:57:07.722 -0400] WARN (60359): Skipped row
    file: "food_nutrient.csv"
    row: 66
    reason: "missing fdc_id/nutrient_id/amount"
    csvLine: {
      "id": "2201910",
      "fdc_id": "319906",
      "nutrient_id": "1259",
      "amount": "0.0",
      "data_points": "1",
      "derivation_id": "1",
      "min": "",
      "max": "",
      "median": "",
      "footnote": "",
      "min_year_acquired": ""
    }
[2026-04-22 17:57:07.722 -0400] WARN (60359): Skipped row
    file: "food_nutrient.csv"
    row: 68
    reason: "missing fdc_id/nutrient_id/amount"
    csvLine: {
      "id": "2201931",
      "fdc_id": "319906",
      "nutrient_id": "1303",
      "amount": "0.0",
      "data_points": "1",
      "derivation_id": "1",
      "min": "",
      "max": "",
      "median": "",
      "footnote": "",
      "min_year_acquired": ""
    }
[2026-04-22 17:57:07.722 -0400] WARN (60359): Skipped row
    file: "food_nutrient.csv"
    row: 69
    reason: "missing fdc_id/nutrient_id/amount"
    csvLine: {
      "id": "2201933",
      "fdc_id": "319906",
      "nutrient_id": "1276",
      "amount": "0.0",
      "data_points": "1",
      "derivation_id": "1",
      "min": "",
      "max": "",
      "median": "",
      "footnote": "",
      "min_year_acquired": ""
    }
[2026-04-22 17:57:07.722 -0400] WARN (60359): Skipped row
    file: "food_nutrient.csv"
    row: 71
    reason: "missing fdc_id/nutrient_id/amount"
    csvLine: {
      "id": "2201906",
      "fdc_id": "319906",
      "nutrient_id": "1280",
      "amount": "0.0",
      "data_points": "1",
      "derivation_id": "1",
      "min": "",
      "max": "",
      "median": "",
      "footnote": "",
      "min_year_acquired": ""
    }
[2026-04-22 17:57:07.722 -0400] WARN (60359): Skipped row
    file: "food_nutrient.csv"
    row: 73
    reason: "missing fdc_id/nutrient_id/amount"
    csvLine: {
      "id": "2201934",
      "fdc_id": "319906",
      "nutrient_id": "1414",
      "amount": "0.0",
      "data_points": "1",
      "derivation_id": "1",
      "min": "",
      "max": "",
      "median": "",
      "footnote": "",
      "min_year_acquired": ""
    }
[2026-04-22 17:57:07.728 -0400] WARN (60359): Skipped row
    file: "food_nutrient.csv"
    row: 2446
    reason: "unknown nutrient id"
    csvLine: {
      "id": "2219788",
      "fdc_id": "321358",
      "nutrient_id": "1008",
      "amount": "229.0",
      "data_points": "",
      "derivation_id": "49",
      "min": "",
      "max": "",
      "median": "",
      "footnote": "",
      "min_year_acquired": ""
    }
[2026-04-22 17:57:07.728 -0400] WARN (60359): Skipped row
    file: "food_nutrient.csv"
    row: 2498
    reason: "unknown nutrient id"
    csvLine: {
      "id": "2219745",
      "fdc_id": "321358",
      "nutrient_id": "1062",
      "amount": "960.0",
      "data_points": "",
      "derivation_id": "49",
      "min": "",
      "max": "",
      "median": "",
      "footnote": "",
      "min_year_acquired": ""
    }
[2026-04-22 17:57:07.728 -0400] WARN (60359): Skipped row
    file: "food_nutrient.csv"
    row: 2533
    reason: "unknown nutrient id"
    csvLine: {
      "id": "13338510",
      "fdc_id": "321358",
      "nutrient_id": "2047",
      "amount": "243",
      "data_points": "",
      "derivation_id": "1",
      "min": "",
      "max": "",
      "median": "",
      "footnote": "",
      "min_year_acquired": ""
    }
[2026-04-22 17:57:07.728 -0400] WARN (60359): Skipped row
    file: "food_nutrient.csv"
    row: 2534
    reason: "unknown nutrient id"
    csvLine: {
      "id": "13338412",
      "fdc_id": "321358",
      "nutrient_id": "2048",
      "amount": "229",
      "data_points": "",
      "derivation_id": "49",
      "min": "",
      "max": "",
      "median": "",
      "footnote": "",
      "min_year_acquired": ""
    }
[2026-04-22 17:57:07.729 -0400] WARN (60359): Skipped row
    file: "food_nutrient.csv"
    row: 2644
    reason: "unknown nutrient id"
    csvLine: {
      "id": "2219881",
      "fdc_id": "321359",
      "nutrient_id": "1008",
      "amount": "50.0",
      "data_points": "",
      "derivation_id": "49",
      "min": "",
      "max": "",
      "median": "",
      "footnote": "",
      "min_year_acquired": ""
    }
[2026-04-22 17:57:07.729 -0400] WARN (60359): Skipped row
    file: "food_nutrient.csv"
    row: 2654
    reason: "unknown nutrient id"
    csvLine: {
      "id": "2219851",
      "fdc_id": "321359",
      "nutrient_id": "1110",
      "amount": "45.0",
      "data_points": "",
      "derivation_id": "4",
      "min": "",
      "max": "",
      "median": "",
      "footnote": "",
      "min_year_acquired": ""
    }
[2026-04-22 17:57:07.729 -0400] WARN (60359): Skipped row
    file: "food_nutrient.csv"
    row: 2675
    reason: "unknown nutrient id"
    csvLine: {
      "id": "2219874",
      "fdc_id": "321359",
      "nutrient_id": "1062",
      "amount": "209.0",
      "data_points": "",
      "derivation_id": "49",
      "min": "",
      "max": "",
      "median": "",
      "footnote": "",
      "min_year_acquired": ""
    }
[2026-04-22 17:57:07.729 -0400] WARN (60359): Skipped row
    file: "food_nutrient.csv"
    row: 2706
    reason: "unknown nutrient id"
    csvLine: {
      "id": "2220035",
      "fdc_id": "321360",
      "nutrient_id": "1062",
      "amount": "113.0",
      "data_points": "",
      "derivation_id": "49",
      "min": "",
      "max": "",
      "median": "",
      "footnote": "",
      "min_year_acquired": ""
    }
[2026-04-22 17:57:07.729 -0400] WARN (60359): Skipped row
    file: "food_nutrient.csv"
    row: 2724
    reason: "unknown nutrient id"
    csvLine: {
      "id": "2220034",
      "fdc_id": "321360",
      "nutrient_id": "1008",
      "amount": "27.0",
      "data_points": "",
      "derivation_id": "49",
      "min": "",
      "max": "",
      "median": "",
      "footnote": "",
      "min_year_acquired": ""
    }
[2026-04-22 17:57:07.729 -0400] WARN (60359): Skipped row
    file: "food_nutrient.csv"
    row: 2745
    reason: "unknown nutrient id"
    csvLine: {
      "id": "13338494",
      "fdc_id": "321360",
      "nutrient_id": "2047",
      "amount": "31",
      "data_points": "",
      "derivation_id": "1",
      "min": "",
      "max": "",
      "median": "",
      "footnote": "",
      "min_year_acquired": ""
    }
[2026-04-22 17:57:08.115 -0400] INFO (60359): Phase 3 progress
    totalRows: 120000
    insertedRows: 10000
    skipped: 108854
[2026-04-22 17:57:08.261 -0400] INFO (60359): Phase 3 complete
    totalRows: 159285
    insertedRows: 15217
    skipped: {
      "unknown food fdc_id": 110732,
      "missing fdc_id/nutrient_id/amount": 32368,
      "unknown nutrient id": 968
    }
[2026-04-22 17:57:08.261 -0400] INFO (60359): Phase 4A: importing food description aliases
    foodFilePath: "/Users/roman.ovechkin/ws/talk2scale/db/raw_usda_datasets/FoodData_Central_foundation_food_csv_2025-12-18/food.csv"
[2026-04-22 17:57:08.444 -0400] INFO (60359): Phase 4A complete
    totalRows: 78026
    insertedRows: 436
    skipped: {
      "non-foundation data_type: sample_food": 3890,
      "non-foundation data_type: market_acquisition": 7388,
      "non-foundation data_type: sub_sample_food": 65502,
      "non-foundation data_type: agricultural_acquisition": 810
    }
[2026-04-22 17:57:08.444 -0400] INFO (60359): Phase 5: importing foundation portions
    foodPortionFilePath: "/Users/roman.ovechkin/ws/talk2scale/db/raw_usda_datasets/FoodData_Central_foundation_food_csv_2025-12-18/food_portion.csv"
[2026-04-22 17:57:08.447 -0400] WARN (60359): Skipped row
    file: "food_portion.csv"
    row: 2
    reason: "unknown food fdc_id"
    csvLine: {
      "id": "118702",
      "fdc_id": "319875",
      "seq_num": "",
      "amount": "2.0",
      "measure_unit_id": "1001",
      "portion_description": "",
      "modifier": "",
      "gram_weight": "35.8",
      "data_points": "1",
      "footnote": "",
      "min_year_acquired": ""
    }
[2026-04-22 17:57:08.447 -0400] WARN (60359): Skipped row
    file: "food_portion.csv"
    row: 3
    reason: "unknown food fdc_id"
    csvLine: {
      "id": "118703",
      "fdc_id": "319880",
      "seq_num": "",
      "amount": "2.0",
      "measure_unit_id": "1001",
      "portion_description": "",
      "modifier": "",
      "gram_weight": "36.2",
      "data_points": "1",
      "footnote": "",
      "min_year_acquired": ""
    }
[2026-04-22 17:57:08.447 -0400] WARN (60359): Skipped row
    file: "food_portion.csv"
    row: 4
    reason: "unknown food fdc_id"
    csvLine: {
      "id": "118704",
      "fdc_id": "319881",
      "seq_num": "",
      "amount": "2.0",
      "measure_unit_id": "1001",
      "portion_description": "",
      "modifier": "",
      "gram_weight": "33.4",
      "data_points": "1",
      "footnote": "",
      "min_year_acquired": ""
    }
[2026-04-22 17:57:08.447 -0400] WARN (60359): Skipped row
    file: "food_portion.csv"
    row: 5
    reason: "unknown food fdc_id"
    csvLine: {
      "id": "118705",
      "fdc_id": "319886",
      "seq_num": "",
      "amount": "2.0",
      "measure_unit_id": "1001",
      "portion_description": "",
      "modifier": "",
      "gram_weight": "33.2",
      "data_points": "1",
      "footnote": "",
      "min_year_acquired": ""
    }
[2026-04-22 17:57:08.447 -0400] WARN (60359): Skipped row
    file: "food_portion.csv"
    row: 6
    reason: "unknown food fdc_id"
    csvLine: {
      "id": "118706",
      "fdc_id": "319889",
      "seq_num": "",
      "amount": "2.0",
      "measure_unit_id": "1001",
      "portion_description": "",
      "modifier": "",
      "gram_weight": "34.6",
      "data_points": "1",
      "footnote": "",
      "min_year_acquired": ""
    }
[2026-04-22 17:57:08.447 -0400] WARN (60359): Skipped row
    file: "food_portion.csv"
    row: 7
    reason: "unknown food fdc_id"
    csvLine: {
      "id": "118707",
      "fdc_id": "319895",
      "seq_num": "",
      "amount": "2.0",
      "measure_unit_id": "1001",
      "portion_description": "",
      "modifier": "",
      "gram_weight": "34.8",
      "data_points": "1",
      "footnote": "",
      "min_year_acquired": ""
    }
[2026-04-22 17:57:08.447 -0400] WARN (60359): Skipped row
    file: "food_portion.csv"
    row: 8
    reason: "unknown food fdc_id"
    csvLine: {
      "id": "118708",
      "fdc_id": "319897",
      "seq_num": "",
      "amount": "2.0",
      "measure_unit_id": "1001",
      "portion_description": "",
      "modifier": "",
      "gram_weight": "31.4",
      "data_points": "1",
      "footnote": "",
      "min_year_acquired": ""
    }
[2026-04-22 17:57:08.447 -0400] WARN (60359): Skipped row
    file: "food_portion.csv"
    row: 9
    reason: "unknown food fdc_id"
    csvLine: {
      "id": "118709",
      "fdc_id": "319902",
      "seq_num": "",
      "amount": "2.0",
      "measure_unit_id": "1001",
      "portion_description": "",
      "modifier": "",
      "gram_weight": "32.0",
      "data_points": "1",
      "footnote": "",
      "min_year_acquired": ""
    }
[2026-04-22 17:57:08.447 -0400] WARN (60359): Skipped row
    file: "food_portion.csv"
    row: 10
    reason: "unknown food fdc_id"
    csvLine: {
      "id": "118710",
      "fdc_id": "319904",
      "seq_num": "",
      "amount": "2.0",
      "measure_unit_id": "1001",
      "portion_description": "",
      "modifier": "",
      "gram_weight": "32.2",
      "data_points": "1",
      "footnote": "",
      "min_year_acquired": ""
    }
[2026-04-22 17:57:08.447 -0400] WARN (60359): Skipped row
    file: "food_portion.csv"
    row: 11
    reason: "unknown food fdc_id"
    csvLine: {
      "id": "118711",
      "fdc_id": "319922",
      "seq_num": "",
      "amount": "2.0",
      "measure_unit_id": "1001",
      "portion_description": "",
      "modifier": "",
      "gram_weight": "33.6",
      "data_points": "1",
      "footnote": "",
      "min_year_acquired": ""
    }
[2026-04-22 17:57:08.447 -0400] WARN (60359): Skipped row
    file: "food_portion.csv"
    row: 93
    reason: "empty portion name"
    csvLine: {
      "id": "118804",
      "fdc_id": "321358",
      "seq_num": "1",
      "amount": "2.0",
      "measure_unit_id": "1001",
      "portion_description": "",
      "modifier": "",
      "gram_weight": "33.9",
      "data_points": "21",
      "footnote": "",
      "min_year_acquired": "2015"
    }
[2026-04-22 17:57:08.447 -0400] WARN (60359): Skipped row
    file: "food_portion.csv"
    row: 94
    reason: "empty portion name"
    csvLine: {
      "id": "118805",
      "fdc_id": "321359",
      "seq_num": "1",
      "amount": "1.0",
      "measure_unit_id": "1000",
      "portion_description": "",
      "modifier": "",
      "gram_weight": "227.0",
      "data_points": "24",
      "footnote": "",
      "min_year_acquired": "2018"
    }
[2026-04-22 17:57:08.447 -0400] WARN (60359): Skipped row
    file: "food_portion.csv"
    row: 95
    reason: "empty portion name"
    csvLine: {
      "id": "118806",
      "fdc_id": "321359",
      "seq_num": "2",
      "amount": "1.0",
      "measure_unit_id": "1009",
      "portion_description": "",
      "modifier": "",
      "gram_weight": "30.5",
      "data_points": "1",
      "footnote": "",
      "min_year_acquired": "2018"
    }
[2026-04-22 17:57:08.447 -0400] WARN (60359): Skipped row
    file: "food_portion.csv"
    row: 96
    reason: "empty portion name"
    csvLine: {
      "id": "118807",
      "fdc_id": "321359",
      "seq_num": "3",
      "amount": "1.0",
      "measure_unit_id": "1045",
      "portion_description": "",
      "modifier": "",
      "gram_weight": "976.0",
      "data_points": "1",
      "footnote": "",
      "min_year_acquired": "2018"
    }
[2026-04-22 17:57:08.447 -0400] WARN (60359): Skipped row
    file: "food_portion.csv"
    row: 97
    reason: "empty portion name"
    csvLine: {
      "id": "118808",
      "fdc_id": "321360",
      "seq_num": "1",
      "amount": "5.0",
      "measure_unit_id": "1082",
      "portion_description": "",
      "modifier": "",
      "gram_weight": "49.7",
      "data_points": "11",
      "footnote": "",
      "min_year_acquired": "2016"
    }
[2026-04-22 17:57:08.447 -0400] WARN (60359): Skipped row
    file: "food_portion.csv"
    row: 98
    reason: "empty portion name"
    csvLine: {
      "id": "118809",
      "fdc_id": "321360",
      "seq_num": "2",
      "amount": "1.0",
      "measure_unit_id": "1000",
      "portion_description": "",
      "modifier": "",
      "gram_weight": "152.0",
      "data_points": "11",
      "footnote": "",
      "min_year_acquired": "2016"
    }
[2026-04-22 17:57:08.447 -0400] WARN (60359): Skipped row
    file: "food_portion.csv"
    row: 123
    reason: "empty portion name"
    csvLine: {
      "id": "118834",
      "fdc_id": "321505",
      "seq_num": "1",
      "amount": "1.0",
      "measure_unit_id": "1002",
      "portion_description": "",
      "modifier": "",
      "gram_weight": "6.1",
      "data_points": "24",
      "footnote": "",
      "min_year_acquired": "2018"
    }
[2026-04-22 17:57:08.447 -0400] WARN (60359): Skipped row
    file: "food_portion.csv"
    row: 180
    reason: "empty portion name"
    csvLine: {
      "id": "118891",
      "fdc_id": "322228",
      "seq_num": "1",
      "amount": "1.0",
      "measure_unit_id": "1000",
      "portion_description": "",
      "modifier": "",
      "gram_weight": "233.0",
      "data_points": "24",
      "footnote": "",
      "min_year_acquired": "2018"
    }
[2026-04-22 17:57:08.447 -0400] WARN (60359): Skipped row
    file: "food_portion.csv"
    row: 181
    reason: "empty portion name"
    csvLine: {
      "id": "118892",
      "fdc_id": "322228",
      "seq_num": "2",
      "amount": "1.0",
      "measure_unit_id": "1009",
      "portion_description": "",
      "modifier": "",
      "gram_weight": "30.5",
      "data_points": "1",
      "footnote": "",
      "min_year_acquired": "2018"
    }
[2026-04-22 17:57:08.447 -0400] WARN (60359): Skipped row
    file: "food_portion.csv"
    row: 182
    reason: "empty portion name"
    csvLine: {
      "id": "118893",
      "fdc_id": "322228",
      "seq_num": "3",
      "amount": "1.0",
      "measure_unit_id": "1045",
      "portion_description": "",
      "modifier": "",
      "gram_weight": "976.0",
      "data_points": "1",
      "footnote": "",
      "min_year_acquired": "2018"
    }
[2026-04-22 17:57:08.472 -0400] WARN (60359): Skipped row
    file: "food_portion.csv"
    row: 10680
    reason: "missing fdc_id or gram_weight"
    csvLine: {
      "id": "312552",
      "fdc_id": "",
      "seq_num": "1",
      "amount": "1.0",
      "measure_unit_id": "",
      "portion_description": "",
      "modifier": "",
      "gram_weight": "30.0",
      "data_points": "0",
      "footnote": "",
      "min_year_acquired": ""
    }
[2026-04-22 17:57:08.472 -0400] WARN (60359): Skipped row
    file: "food_portion.csv"
    row: 10681
    reason: "missing fdc_id or gram_weight"
    csvLine: {
      "id": "312553",
      "fdc_id": "",
      "seq_num": "1",
      "amount": "1.0",
      "measure_unit_id": "",
      "portion_description": "",
      "modifier": "",
      "gram_weight": "50.0",
      "data_points": "0",
      "footnote": "",
      "min_year_acquired": ""
    }
[2026-04-22 17:57:08.472 -0400] WARN (60359): Skipped row
    file: "food_portion.csv"
    row: 10682
    reason: "missing fdc_id or gram_weight"
    csvLine: {
      "id": "312554",
      "fdc_id": "",
      "seq_num": "1",
      "amount": "1.0",
      "measure_unit_id": "",
      "portion_description": "",
      "modifier": "",
      "gram_weight": "50.0",
      "data_points": "0",
      "footnote": "",
      "min_year_acquired": ""
    }
[2026-04-22 17:57:08.472 -0400] WARN (60359): Skipped row
    file: "food_portion.csv"
    row: 10683
    reason: "missing fdc_id or gram_weight"
    csvLine: {
      "id": "312555",
      "fdc_id": "",
      "seq_num": "1",
      "amount": "1.0",
      "measure_unit_id": "",
      "portion_description": "",
      "modifier": "",
      "gram_weight": "114.0",
      "data_points": "0",
      "footnote": "",
      "min_year_acquired": ""
    }
[2026-04-22 17:57:08.472 -0400] WARN (60359): Skipped row
    file: "food_portion.csv"
    row: 10684
    reason: "missing fdc_id or gram_weight"
    csvLine: {
      "id": "312556",
      "fdc_id": "",
      "seq_num": "1",
      "amount": "1.0",
      "measure_unit_id": "",
      "portion_description": "",
      "modifier": "",
      "gram_weight": "114.0",
      "data_points": "0",
      "footnote": "",
      "min_year_acquired": ""
    }
[2026-04-22 17:57:08.472 -0400] WARN (60359): Skipped row
    file: "food_portion.csv"
    row: 10685
    reason: "missing fdc_id or gram_weight"
    csvLine: {
      "id": "312557",
      "fdc_id": "",
      "seq_num": "1",
      "amount": "1.0",
      "measure_unit_id": "",
      "portion_description": "",
      "modifier": "",
      "gram_weight": "114.0",
      "data_points": "0",
      "footnote": "",
      "min_year_acquired": ""
    }
[2026-04-22 17:57:08.472 -0400] WARN (60359): Skipped row
    file: "food_portion.csv"
    row: 10686
    reason: "missing fdc_id or gram_weight"
    csvLine: {
      "id": "312558",
      "fdc_id": "",
      "seq_num": "1",
      "amount": "1.0",
      "measure_unit_id": "",
      "portion_description": "",
      "modifier": "",
      "gram_weight": "114.0",
      "data_points": "0",
      "footnote": "",
      "min_year_acquired": ""
    }
[2026-04-22 17:57:08.472 -0400] WARN (60359): Skipped row
    file: "food_portion.csv"
    row: 10687
    reason: "missing fdc_id or gram_weight"
    csvLine: {
      "id": "312559",
      "fdc_id": "",
      "seq_num": "1",
      "amount": "1.0",
      "measure_unit_id": "",
      "portion_description": "",
      "modifier": "",
      "gram_weight": "114.0",
      "data_points": "0",
      "footnote": "",
      "min_year_acquired": ""
    }
[2026-04-22 17:57:08.472 -0400] WARN (60359): Skipped row
    file: "food_portion.csv"
    row: 10688
    reason: "missing fdc_id or gram_weight"
    csvLine: {
      "id": "312560",
      "fdc_id": "",
      "seq_num": "1",
      "amount": "1.0",
      "measure_unit_id": "",
      "portion_description": "",
      "modifier": "",
      "gram_weight": "114.0",
      "data_points": "0",
      "footnote": "",
      "min_year_acquired": ""
    }
[2026-04-22 17:57:08.472 -0400] WARN (60359): Skipped row
    file: "food_portion.csv"
    row: 10689
    reason: "missing fdc_id or gram_weight"
    csvLine: {
      "id": "312561",
      "fdc_id": "",
      "seq_num": "1",
      "amount": "1.0",
      "measure_unit_id": "",
      "portion_description": "",
      "modifier": "",
      "gram_weight": "114.0",
      "data_points": "0",
      "footnote": "",
      "min_year_acquired": ""
    }
[2026-04-22 17:57:08.478 -0400] INFO (60359): Phase 5 complete
    totalRows: 10951
    insertedRows: 95
    skipped: {
      "unknown food fdc_id": 10491,
      "empty portion name": 92,
      "missing fdc_id or gram_weight": 273
    }
[2026-04-22 17:57:08.478 -0400] INFO (60359): USDA import finished
    importedFoods: 436
    importedNutrients: 461
